<?xml version="1.0" encoding="UTF-8"?>
<testsuites name="Mocha Tests" time="0" tests="1" failures="1">
  <testsuite name="Root Suite" timestamp="2019-03-15T08:53:45" tests="0" failures="0" time="0">
  </testsuite>
  <testsuite name="tags" timestamp="2019-03-15T08:53:45" tests="1" failures="1" time="0">
    <testcase name="tags should be accessible from the index page" time="0" classname="should be accessible from the index page">
      <failure><![CDATA[CypressError: cy.then() timed out after waiting '9999ms'.

Your callback function returned a promise which never resolved.

The callback function was:

win => {
    if (!win.___apiHandler) {
      win.___apiHandler = _apiHandler.default.bind(win);
    }

    return _apiHandler.waitForAPI.call(win, api).then(() => subject);
  }
    at Object.cypressErr (http://localhost:8000/__cypress/runner/cypress_runner.js:65283:11)
    at Object.throwErr (http://localhost:8000/__cypress/runner/cypress_runner.js:65248:18)
    at Object.throwErrByPath (http://localhost:8000/__cypress/runner/cypress_runner.js:65275:17)
    at http://localhost:8000/__cypress/runner/cypress_runner.js:54007:21
    at tryCatcher (http://localhost:8000/__cypress/runner/cypress_runner.js:127195:23)
    at http://localhost:8000/__cypress/runner/cypress_runner.js:122505:41
    at tryCatcher (http://localhost:8000/__cypress/runner/cypress_runner.js:127195:23)
    at Promise._settlePromiseFromHandler (http://localhost:8000/__cypress/runner/cypress_runner.js:125213:31)
    at Promise._settlePromise (http://localhost:8000/__cypress/runner/cypress_runner.js:125270:18)
    at Promise._settlePromise0 (http://localhost:8000/__cypress/runner/cypress_runner.js:125315:10)
    at Promise._settlePromises (http://localhost:8000/__cypress/runner/cypress_runner.js:125390:18)
    at Async._drainQueue (http://localhost:8000/__cypress/runner/cypress_runner.js:122119:16)
    at Async._drainQueues (http://localhost:8000/__cypress/runner/cypress_runner.js:122129:10)
    at Async.drainQueues (http://localhost:8000/__cypress/runner/cypress_runner.js:122003:14)]]></failure>
    </testcase>
  </testsuite>
</testsuites>